Performing C SOURCE FILE Test CMAKE_HAVE_LIBC_PTHREAD failed with the following output:
Change Dir: /home/walter/Escritorio/Laboratorio10/cmake-build-debug/CMakeFiles/CMakeTmp

Run Build Command(s):/usr/bin/make cmTC_39cba/fast && /usr/bin/make  -f CMakeFiles/cmTC_39cba.dir/build.make CMakeFiles/cmTC_39cba.dir/build
make[1]: se entra en el directorio '/home/walter/Escritorio/Laboratorio10/cmake-build-debug/CMakeFiles/CMakeTmp'
Building C object CMakeFiles/cmTC_39cba.dir/src.c.o
/usr/bin/cc   -DCMAKE_HAVE_LIBC_PTHREAD   -o CMakeFiles/cmTC_39cba.dir/src.c.o   -c /home/walter/Escritorio/Laboratorio10/cmake-build-debug/CMakeFiles/CMakeTmp/src.c
Linking C executable cmTC_39cba
/home/walter/Escritorio/clion-2020.3.1/bin/cmake/linux/bin/cmake -E cmake_link_script CMakeFiles/cmTC_39cba.dir/link.txt --verbose=1
/usr/bin/cc  -DCMAKE_HAVE_LIBC_PTHREAD    -rdynamic CMakeFiles/cmTC_39cba.dir/src.c.o  -o cmTC_39cba 
/usr/bin/ld: CMakeFiles/cmTC_39cba.dir/src.c.o: en la función `main':
src.c:(.text+0x46): referencia a `pthread_create' sin definir
/usr/bin/ld: src.c:(.text+0x52): referencia a `pthread_detach' sin definir
/usr/bin/ld: src.c:(.text+0x5e): referencia a `pthread_cancel' sin definir
/usr/bin/ld: src.c:(.text+0x6f): referencia a `pthread_join' sin definir
collect2: error: ld returned 1 exit status
make[1]: *** [CMakeFiles/cmTC_39cba.dir/build.make:107: cmTC_39cba] Error 1
make[1]: se sale del directorio '/home/walter/Escritorio/Laboratorio10/cmake-build-debug/CMakeFiles/CMakeTmp'
make: *** [Makefile:141: cmTC_39cba/fast] Error 2


Source file was:
#include <pthread.h>

void* test_func(void* data)
{
  return data;
}

int main(void)
{
  pthread_t thread;
  pthread_create(&thread, NULL, test_func, NULL);
  pthread_detach(thread);
  pthread_cancel(thread);
  pthread_join(thread, NULL);
  pthread_atfork(NULL, NULL, NULL);
  pthread_exit(NULL);

  return 0;
}

